<?xml version="1.0" encoding="UTF-8"?>
<testng-results skipped="0" failed="0" total="1" passed="1">
  <reporter-output>
  </reporter-output>
  <suite name="Suite" duration-ms="11011" started-at="2018-06-01T09:36:28Z" finished-at="2018-06-01T09:36:39Z">
    <groups>
    </groups>
    <test name="Test" duration-ms="11011" started-at="2018-06-01T09:36:28Z" finished-at="2018-06-01T09:36:39Z">
      <class name="Com.Scenarios.GuestCheckout">
        <test-method status="PASS" signature="setUp()[pri:0, instance:Com.Scenarios.GuestCheckout@f85567]" name="setUp" is-config="true" duration-ms="98" started-at="2018-06-01T15:06:28Z" finished-at="2018-06-01T15:06:28Z">
          <reporter-output>
          </reporter-output>
        </test-method> <!-- setUp -->
        <test-method status="PASS" signature="before()[pri:0, instance:Com.Scenarios.GuestCheckout@f85567]" name="before" is-config="true" duration-ms="119" started-at="2018-06-01T15:06:28Z" finished-at="2018-06-01T15:06:28Z">
          <reporter-output>
          </reporter-output>
        </test-method> <!-- before -->
        <test-method status="PASS" signature="GuestPrepaidCheckoutFlow()[pri:0, instance:Com.Scenarios.GuestCheckout@f85567]" name="GuestPrepaidCheckoutFlow" duration-ms="6276" started-at="2018-06-01T15:06:28Z" finished-at="2018-06-01T15:06:35Z">
          <reporter-output>
          </reporter-output>
        </test-method> <!-- GuestPrepaidCheckoutFlow -->
        <test-method status="PASS" signature="getResult(org.testng.ITestResult)[pri:0, instance:Com.Scenarios.GuestCheckout@f85567]" name="getResult" is-config="true" duration-ms="2516" started-at="2018-06-01T15:06:35Z" finished-at="2018-06-01T15:06:37Z">
          <params>
            <param index="0">
              <value>
                <![CDATA[[TestResult name=GuestPrepaidCheckoutFlow status=SUCCESS method=GuestCheckout.GuestPrepaidCheckoutFlow()[pri:0, instance:Com.Scenarios.GuestCheckout@f85567] output={null}]]]>
              </value>
            </param>
          </params>
          <reporter-output>
          </reporter-output>
        </test-method> <!-- getResult -->
        <test-method status="PASS" signature="after()[pri:0, instance:Com.Scenarios.GuestCheckout@f85567]" name="after" is-config="true" duration-ms="2090" started-at="2018-06-01T15:06:37Z" finished-at="2018-06-01T15:06:39Z">
          <reporter-output>
          </reporter-output>
        </test-method> <!-- after -->
        <test-method status="PASS" signature="tearDown()[pri:0, instance:Com.Scenarios.GuestCheckout@f85567]" name="tearDown" is-config="true" duration-ms="218" started-at="2018-06-01T15:06:39Z" finished-at="2018-06-01T15:06:39Z">
          <reporter-output>
          </reporter-output>
        </test-method> <!-- tearDown -->
      </class> <!-- Com.Scenarios.GuestCheckout -->
    </test> <!-- Test -->
  </suite> <!-- Suite -->
</testng-results>
