<?xml version="1.0" encoding="UTF-8"?>
<testng-results skipped="0" failed="0" total="1" passed="1">
  <reporter-output>
  </reporter-output>
  <suite name="Default suite" duration-ms="8841" started-at="2018-06-04T08:16:44Z" finished-at="2018-06-04T08:16:53Z">
    <groups>
    </groups>
    <test name="Default test" duration-ms="8841" started-at="2018-06-04T08:16:44Z" finished-at="2018-06-04T08:16:53Z">
      <class name="Com.Scenarios.Tesett">
        <test-method status="PASS" signature="setUp()[pri:0, instance:Com.Scenarios.Tesett@dd0d4b]" name="setUp" is-config="true" duration-ms="129" started-at="2018-06-04T13:46:44Z" finished-at="2018-06-04T13:46:44Z">
          <reporter-output>
          </reporter-output>
        </test-method> <!-- setUp -->
        <test-method status="PASS" signature="before()[pri:0, instance:Com.Scenarios.Tesett@dd0d4b]" name="before" is-config="true" duration-ms="155" started-at="2018-06-04T13:46:44Z" finished-at="2018-06-04T13:46:44Z">
          <reporter-output>
          </reporter-output>
        </test-method> <!-- before -->
        <test-method status="PASS" signature="tert()[pri:0, instance:Com.Scenarios.Tesett@dd0d4b]" name="tert" duration-ms="5014" started-at="2018-06-04T13:46:44Z" finished-at="2018-06-04T13:46:49Z">
          <reporter-output>
          </reporter-output>
        </test-method> <!-- tert -->
        <test-method status="PASS" signature="getResult(org.testng.ITestResult)[pri:0, instance:Com.Scenarios.Tesett@dd0d4b]" name="getResult" is-config="true" duration-ms="2502" started-at="2018-06-04T13:46:49Z" finished-at="2018-06-04T13:46:52Z">
          <params>
            <param index="0">
              <value>
                <![CDATA[[TestResult name=tert status=SUCCESS method=Tesett.tert()[pri:0, instance:Com.Scenarios.Tesett@dd0d4b] output={null}]]]>
              </value>
            </param>
          </params>
          <reporter-output>
          </reporter-output>
        </test-method> <!-- getResult -->
        <test-method status="PASS" signature="after()[pri:0, instance:Com.Scenarios.Tesett@dd0d4b]" name="after" is-config="true" duration-ms="1160" started-at="2018-06-04T13:46:52Z" finished-at="2018-06-04T13:46:53Z">
          <reporter-output>
          </reporter-output>
        </test-method> <!-- after -->
        <test-method status="PASS" signature="tearDown()[pri:0, instance:Com.Scenarios.Tesett@dd0d4b]" name="tearDown" is-config="true" duration-ms="254" started-at="2018-06-04T13:46:53Z" finished-at="2018-06-04T13:46:53Z">
          <reporter-output>
          </reporter-output>
        </test-method> <!-- tearDown -->
      </class> <!-- Com.Scenarios.Tesett -->
    </test> <!-- Default test -->
  </suite> <!-- Default suite -->
</testng-results>
